<?xml version="1.0" encoding="UTF-8"?>
<!-- Generated by org.testng.reporters.JUnitReportReporter -->
<testsuite hostname="LAPTOP-CGUJBJB4" failures="0" tests="4" name="testingbaba_test.Webtable_Test" time="3.848" errors="0" timestamp="2022-12-17T01:49:55 IST" skipped="0">
  <testcase classname="testingbaba_test.Webtable_Test" name="clickonelements" time="0.273"/>
  <system-out/>
  <testcase classname="testingbaba_test.Webtable_Test" name="clickonwebtable" time="0.252"/>
  <system-out/>
  <testcase classname="testingbaba_test.Webtable_Test" name="filldetails" time="1.788"/>
  <system-out/>
  <testcase classname="testingbaba_test.Webtable_Test" name="editdetails" time="1.535"/>
  <system-out/>
</testsuite> <!-- testingbaba_test.Webtable_Test -->
