<?xml version="1.0" encoding="UTF-8"?>
<!-- Generated by org.testng.reporters.JUnitReportReporter -->
<testsuite hostname="LAPTOP-CGUJBJB4" failures="0" tests="1" name="testingbaba_test.Login_test" time="0.016" errors="0" timestamp="2022-12-04T00:21:15 IST" skipped="0">
  <testcase classname="testingbaba_test.Login_test" name="gettitle" time="0.016"/>
  <system-out/>
</testsuite> <!-- testingbaba_test.Login_test -->
