<?xml version="1.0" encoding="UTF-8"?>
<!-- Generated by org.testng.reporters.JUnitReportReporter -->
<testsuite hostname="LAPTOP-CGUJBJB4" failures="0" tests="1" name="testingbaba_test.Textbox_test" time="0.079" errors="0" timestamp="2022-12-04T00:21:15 IST" skipped="0">
  <testcase classname="testingbaba_test.Textbox_test" name="clickonelements" time="0.079"/>
  <system-out/>
</testsuite> <!-- testingbaba_test.Textbox_test -->
